/Users/celia/PycharmProjects/latent_ode/run_models.py
run_models.py --niters 5 -n 1000 -l 15 --dataset activity --sde-rnn --rec-dims 16 --rec-layers 2 --gen-layers 2 --units 32 --gru-units 32 --quantization 0.05 --classif --linear-classif
Experiment 80126
Epoch 0001 [Test seq (cond on sampled tp)] | Loss 1.450503 | Likelihood -19133.968750 | KL fp 0.0000 | FP STD 0.0000|
KL coef: 0.0
Train loss (one batch): 1.4661226272583008
Train CE loss (one batch): 1.4661226272583008
Test MSE: 3.8275
Classification accuracy (TEST): 0.5152
Poisson likelihood: 0.0
CE loss: 1.4505034685134888
Experiment 80126
Epoch 0002 [Test seq (cond on sampled tp)] | Loss 1.105376 | Likelihood -19159.431641 | KL fp 0.0000 | FP STD 0.0000|
KL coef: 0.0
Train loss (one batch): 1.1238689422607422
Train CE loss (one batch): 1.1238689422607422
Test MSE: 3.8326
Classification accuracy (TEST): 0.6684
Poisson likelihood: 0.0
CE loss: 1.1053756475448608
Experiment 80126
Epoch 0003 [Test seq (cond on sampled tp)] | Loss 0.869226 | Likelihood -19231.494141 | KL fp 0.0000 | FP STD 0.0000|
KL coef: 0.0
Train loss (one batch): 0.9199607372283936
Train CE loss (one batch): 0.9199607372283936
Test MSE: 3.8470
Classification accuracy (TEST): 0.6729
Poisson likelihood: 0.0
CE loss: 0.8692261576652527
Experiment 80126
Epoch 0004 [Test seq (cond on sampled tp)] | Loss 0.808642 | Likelihood -19234.728516 | KL fp 0.0000 | FP STD 0.0000|
KL coef: 0.0
Train loss (one batch): 0.8498162031173706
Train CE loss (one batch): 0.8498162031173706
Test MSE: 3.8477
Classification accuracy (TEST): 0.6957
Poisson likelihood: 0.0
CE loss: 0.8086416125297546
Experiment 80126
Epoch 0005 [Test seq (cond on sampled tp)] | Loss 0.774577 | Likelihood -19253.296875 | KL fp 0.0000 | FP STD 0.0000|
KL coef: 0.0
Train loss (one batch): 0.7368937730789185
Train CE loss (one batch): 0.7368937730789185
Test MSE: 3.8514
Classification accuracy (TEST): 0.7221
Poisson likelihood: 0.0
CE loss: 0.7745769619941711
